This is pdfTeX, Version 3.141592653-2.6-1.40.24 (TeX Live 2022) (preloaded format=pdflatex 2022.4.14)  4 MAY 2022 12:25
entering extended mode
 restricted \write18 enabled.
 %&-line parsing enabled.
**reproducible-effect-sizes.tex
(./reproducible-effect-sizes.tex
LaTeX2e <2021-11-15> patch level 1
L3 programming layer <2022-04-10> (/Users/robcavanaugh/Library/TinyTeX/texmf-dist/tex/latex/apa6/apa6.cls
Document Class: apa6 2020/01/13 v2.34 APA formatting (6th edition)
(/Users/robcavanaugh/Library/TinyTeX/texmf-dist/tex/latex/base/article.cls
Document Class: article 2021/10/04 v1.4n Standard LaTeX document class
(/Users/robcavanaugh/Library/TinyTeX/texmf-dist/tex/latex/base/size11.clo
File: size11.clo 2021/10/04 v1.4n Standard LaTeX file (size option)
)
\c@part=\count185
\c@section=\count186
\c@subsection=\count187
\c@subsubsection=\count188
\c@paragraph=\count189
\c@subparagraph=\count190
\c@figure=\count191
\c@table=\count192
\abovecaptionskip=\skip47
\belowcaptionskip=\skip48
\bibindent=\dimen138
) (/Users/robcavanaugh/Library/TinyTeX/texmf-dist/tex/latex/etoolbox/etoolbox.sty
Package: etoolbox 2020/10/05 v2.5k e-TeX tools for LaTeX (JAW)
\etb@tempcnta=\count193
)
Class apa6 Info: No bibliography package was specified; defaulting to (but not loading) Biblatex on input line 213.
(/Users/robcavanaugh/Library/TinyTeX/texmf-dist/tex/latex/lm/lmodern.sty
Package: lmodern 2015/05/01 v1.6.1 Latin Modern Fonts
LaTeX Font Info:    Overwriting symbol font `operators' in version `normal'
(Font)                  OT1/cmr/m/n --> OT1/lmr/m/n on input line 22.
LaTeX Font Info:    Overwriting symbol font `letters' in version `normal'
(Font)                  OML/cmm/m/it --> OML/lmm/m/it on input line 23.
LaTeX Font Info:    Overwriting symbol font `symbols' in version `normal'
(Font)                  OMS/cmsy/m/n --> OMS/lmsy/m/n on input line 24.
LaTeX Font Info:    Overwriting symbol font `largesymbols' in version `normal'
(Font)                  OMX/cmex/m/n --> OMX/lmex/m/n on input line 25.
LaTeX Font Info:    Overwriting symbol font `operators' in version `bold'
(Font)                  OT1/cmr/bx/n --> OT1/lmr/bx/n on input line 26.
LaTeX Font Info:    Overwriting symbol font `letters' in version `bold'
(Font)                  OML/cmm/b/it --> OML/lmm/b/it on input line 27.
LaTeX Font Info:    Overwriting symbol font `symbols' in version `bold'
(Font)                  OMS/cmsy/b/n --> OMS/lmsy/b/n on input line 28.
LaTeX Font Info:    Overwriting symbol font `largesymbols' in version `bold'
(Font)                  OMX/cmex/m/n --> OMX/lmex/m/n on input line 29.
LaTeX Font Info:    Overwriting math alphabet `\mathbf' in version `normal'
(Font)                  OT1/cmr/bx/n --> OT1/lmr/bx/n on input line 31.
LaTeX Font Info:    Overwriting math alphabet `\mathsf' in version `normal'
(Font)                  OT1/cmss/m/n --> OT1/lmss/m/n on input line 32.
LaTeX Font Info:    Overwriting math alphabet `\mathit' in version `normal'
(Font)                  OT1/cmr/m/it --> OT1/lmr/m/it on input line 33.
LaTeX Font Info:    Overwriting math alphabet `\mathtt' in version `normal'
(Font)                  OT1/cmtt/m/n --> OT1/lmtt/m/n on input line 34.
LaTeX Font Info:    Overwriting math alphabet `\mathbf' in version `bold'
(Font)                  OT1/cmr/bx/n --> OT1/lmr/bx/n on input line 35.
LaTeX Font Info:    Overwriting math alphabet `\mathsf' in version `bold'
(Font)                  OT1/cmss/bx/n --> OT1/lmss/bx/n on input line 36.
LaTeX Font Info:    Overwriting math alphabet `\mathit' in version `bold'
(Font)                  OT1/cmr/bx/it --> OT1/lmr/bx/it on input line 37.
LaTeX Font Info:    Overwriting math alphabet `\mathtt' in version `bold'
(Font)                  OT1/cmtt/m/n --> OT1/lmtt/m/n on input line 38.
) (/Users/robcavanaugh/Library/TinyTeX/texmf-dist/tex/latex/base/fontenc.sty
Package: fontenc 2021/04/29 v2.0v Standard LaTeX package
LaTeX Font Info:    Trying to load font information for T1+lmr on input line 112.
(/Users/robcavanaugh/Library/TinyTeX/texmf-dist/tex/latex/lm/t1lmr.fd
File: t1lmr.fd 2015/05/01 v1.6.1 Font defs for Latin Modern
)) (/Users/robcavanaugh/Library/TinyTeX/texmf-dist/tex/latex/geometry/geometry.sty
Package: geometry 2020/01/02 v5.9 Page Geometry
(/Users/robcavanaugh/Library/TinyTeX/texmf-dist/tex/latex/graphics/keyval.sty
Package: keyval 2014/10/28 v1.15 key=value parser (DPC)
\KV@toks@=\toks16
) (/Users/robcavanaugh/Library/TinyTeX/texmf-dist/tex/generic/iftex/ifvtex.sty
Package: ifvtex 2019/10/25 v1.7 ifvtex legacy package. Use iftex instead.
(/Users/robcavanaugh/Library/TinyTeX/texmf-dist/tex/generic/iftex/iftex.sty
Package: iftex 2022/02/03 v1.0f TeX engine tests
))
\Gm@cnth=\count194
\Gm@cntv=\count195
\c@Gm@tempcnt=\count196
\Gm@bindingoffset=\dimen139
\Gm@wd@mp=\dimen140
\Gm@odd@mp=\dimen141
\Gm@even@mp=\dimen142
\Gm@layoutwidth=\dimen143
\Gm@layoutheight=\dimen144
\Gm@layouthoffset=\dimen145
\Gm@layoutvoffset=\dimen146
\Gm@dimlist=\toks17
) (/Users/robcavanaugh/Library/TinyTeX/texmf-dist/tex/latex/graphics/graphicx.sty
Package: graphicx 2021/09/16 v1.2d Enhanced LaTeX Graphics (DPC,SPQR)
(/Users/robcavanaugh/Library/TinyTeX/texmf-dist/tex/latex/graphics/graphics.sty
Package: graphics 2021/03/04 v1.4d Standard LaTeX Graphics (DPC,SPQR)
(/Users/robcavanaugh/Library/TinyTeX/texmf-dist/tex/latex/graphics/trig.sty
Package: trig 2021/08/11 v1.11 sin cos tan (DPC)
) (/Users/robcavanaugh/Library/TinyTeX/texmf-dist/tex/latex/graphics-cfg/graphics.cfg
File: graphics.cfg 2016/06/04 v1.11 sample graphics configuration
)
Package graphics Info: Driver file: pdftex.def on input line 107.
(/Users/robcavanaugh/Library/TinyTeX/texmf-dist/tex/latex/graphics-def/pdftex.def
File: pdftex.def 2020/10/05 v1.2a Graphics/color driver for pdftex
))
\Gin@req@height=\dimen147
\Gin@req@width=\dimen148
) (/Users/robcavanaugh/Library/TinyTeX/texmf-dist/tex/latex/booktabs/booktabs.sty
Package: booktabs 2020/01/12 v1.61803398 Publication quality tables
\heavyrulewidth=\dimen149
\lightrulewidth=\dimen150
\cmidrulewidth=\dimen151
\belowrulesep=\dimen152
\belowbottomsep=\dimen153
\aboverulesep=\dimen154
\abovetopsep=\dimen155
\cmidrulesep=\dimen156
\cmidrulekern=\dimen157
\defaultaddspace=\dimen158
\@cmidla=\count197
\@cmidlb=\count198
\@aboverulesep=\dimen159
\@belowrulesep=\dimen160
\@thisruleclass=\count199
\@lastruleclass=\count266
\@thisrulewidth=\dimen161
) (/Users/robcavanaugh/Library/TinyTeX/texmf-dist/tex/latex/threeparttable/threeparttable.sty
Package: threeparttable 2003/06/13  v 3.0
\@tempboxb=\box50
)
\b@level@one@skip=\skip49
\e@level@one@skip=\skip50
\b@level@two@skip=\skip51
\e@level@two@skip=\skip52
\b@level@three@skip=\skip53
\e@level@three@skip=\skip54
\b@level@four@skip=\skip55
\e@level@four@skip=\skip56
\b@level@five@skip=\skip57
\e@level@five@skip=\skip58
(/Users/robcavanaugh/Library/TinyTeX/texmf-dist/tex/latex/caption/caption.sty
Package: caption 2022/03/01 v3.6b Customizing captions (AR)
(/Users/robcavanaugh/Library/TinyTeX/texmf-dist/tex/latex/caption/caption3.sty
Package: caption3 2022/03/17 v2.3b caption3 kernel (AR)
\caption@tempdima=\dimen162
\captionmargin=\dimen163
\caption@leftmargin=\dimen164
\caption@rightmargin=\dimen165
\caption@width=\dimen166
\caption@indent=\dimen167
\caption@parindent=\dimen168
\caption@hangindent=\dimen169
Package caption Info: Standard document class detected.
)
\c@caption@flags=\count267
\c@continuedfloat=\count268
Package caption Info: threeparttable package is loaded.
)
\c@APAenum=\count269
\@text@par@indent=\skip59
\gr@box=\box51
\gr@boxwidth=\skip60
\gr@boxheight=\skip61
(/Users/robcavanaugh/Library/TinyTeX/texmf-dist/tex/latex/tools/bm.sty
Package: bm 2021/04/25 v1.2e Bold Symbol Support (DPC/FMi)
\symboldoperators=\mathgroup4
\symboldletters=\mathgroup5
\symboldsymbols=\mathgroup6
Package bm Info: No bold for \OMX/lmex/m/n, using \pmb.
LaTeX Font Info:    Redeclaring math alphabet \mathbf on input line 149.
)
\c@appendix=\count270
(/Users/robcavanaugh/Library/TinyTeX/texmf-dist/tex/latex/fancyhdr/fancyhdr.sty
Package: fancyhdr 2021/01/28 v4.0.1 Extensive control of page headers and footers
\f@nch@headwidth=\skip62
\f@nch@O@elh=\skip63
\f@nch@O@erh=\skip64
\f@nch@O@olh=\skip65
\f@nch@O@orh=\skip66
\f@nch@O@elf=\skip67
\f@nch@O@erf=\skip68
\f@nch@O@olf=\skip69
\f@nch@O@orf=\skip70
)) (/Users/robcavanaugh/Library/TinyTeX/texmf-dist/tex/latex/amsmath/amsmath.sty
Package: amsmath 2021/10/15 v2.17l AMS math features
\@mathmargin=\skip71
For additional information on amsmath, use the `?' option.
(/Users/robcavanaugh/Library/TinyTeX/texmf-dist/tex/latex/amsmath/amstext.sty
Package: amstext 2021/08/26 v2.01 AMS text
(/Users/robcavanaugh/Library/TinyTeX/texmf-dist/tex/latex/amsmath/amsgen.sty
File: amsgen.sty 1999/11/30 v2.0 generic functions
\@emptytoks=\toks18
\ex@=\dimen170
)) (/Users/robcavanaugh/Library/TinyTeX/texmf-dist/tex/latex/amsmath/amsbsy.sty
Package: amsbsy 1999/11/29 v1.2d Bold Symbols
LaTeX Info: Redefining \boldsymbol on input line 28.
\pmbraise@=\dimen171
) (/Users/robcavanaugh/Library/TinyTeX/texmf-dist/tex/latex/amsmath/amsopn.sty
Package: amsopn 2021/08/26 v2.02 operator names
)
\inf@bad=\count271
LaTeX Info: Redefining \frac on input line 234.
\uproot@=\count272
\leftroot@=\count273
LaTeX Info: Redefining \overline on input line 399.
\classnum@=\count274
\DOTSCASE@=\count275
LaTeX Info: Redefining \ldots on input line 496.
LaTeX Info: Redefining \dots on input line 499.
LaTeX Info: Redefining \cdots on input line 620.
\Mathstrutbox@=\box52
\strutbox@=\box53
\big@size=\dimen172
LaTeX Font Info:    Redeclaring font encoding OML on input line 743.
LaTeX Font Info:    Redeclaring font encoding OMS on input line 744.
\macc@depth=\count276
\c@MaxMatrixCols=\count277
\dotsspace@=\muskip16
\c@parentequation=\count278
\dspbrk@lvl=\count279
\tag@help=\toks19
\row@=\count280
\column@=\count281
\maxfields@=\count282
\andhelp@=\toks20
\eqnshift@=\dimen173
\alignsep@=\dimen174
\tagshift@=\dimen175
\tagwidth@=\dimen176
\totwidth@=\dimen177
\lineht@=\dimen178
\@envbody=\toks21
\multlinegap=\skip72
\multlinetaggap=\skip73
\mathdisplay@stack=\toks22
LaTeX Info: Redefining \[ on input line 2938.
LaTeX Info: Redefining \] on input line 2939.
) (/Users/robcavanaugh/Library/TinyTeX/texmf-dist/tex/latex/amsfonts/amssymb.sty
Package: amssymb 2013/01/14 v3.01 AMS font symbols
(/Users/robcavanaugh/Library/TinyTeX/texmf-dist/tex/latex/amsfonts/amsfonts.sty
Package: amsfonts 2013/01/14 v3.01 Basic AMSFonts support
\symAMSa=\mathgroup7
\symAMSb=\mathgroup8
LaTeX Font Info:    Redeclaring math symbol \hbar on input line 98.
LaTeX Font Info:    Overwriting math alphabet `\mathfrak' in version `bold'
(Font)                  U/euf/m/n --> U/euf/b/n on input line 106.
)) (/Users/robcavanaugh/Library/TinyTeX/texmf-dist/tex/latex/base/fontenc.sty
Package: fontenc 2021/04/29 v2.0v Standard LaTeX package
) (/Users/robcavanaugh/Library/TinyTeX/texmf-dist/tex/latex/base/inputenc.sty
Package: inputenc 2021/02/14 v1.3d Input encoding file
\inpenc@prehook=\toks23
\inpenc@posthook=\toks24
) (/Users/robcavanaugh/Library/TinyTeX/texmf-dist/tex/latex/base/textcomp.sty
Package: textcomp 2020/02/02 v2.0n Standard LaTeX package
) (/Users/robcavanaugh/Library/TinyTeX/texmf-dist/tex/latex/upquote/upquote.sty
Package: upquote 2012/04/19 v1.3 upright-quote and grave-accent glyphs in verbatim
) (/Users/robcavanaugh/Library/TinyTeX/texmf-dist/tex/latex/microtype/microtype.sty
Package: microtype 2022/03/14 v3.0d Micro-typographical refinements (RS)
\MT@toks=\toks25
\MT@tempbox=\box54
\MT@count=\count283
LaTeX Info: Redefining \noprotrusionifhmode on input line 1027.
LaTeX Info: Redefining \leftprotrusion on input line 1028.
LaTeX Info: Redefining \rightprotrusion on input line 1036.
LaTeX Info: Redefining \textls on input line 1195.
\MT@outer@kern=\dimen179
LaTeX Info: Redefining \textmicrotypecontext on input line 1781.
\MT@listname@count=\count284
(/Users/robcavanaugh/Library/TinyTeX/texmf-dist/tex/latex/microtype/microtype-pdftex.def
File: microtype-pdftex.def 2022/03/14 v3.0d Definitions specific to pdftex (RS)
LaTeX Info: Redefining \lsstyle on input line 900.
LaTeX Info: Redefining \lslig on input line 900.
\MT@outer@space=\skip74
)
Package microtype Info: Loading configuration file microtype.cfg.
(/Users/robcavanaugh/Library/TinyTeX/texmf-dist/tex/latex/microtype/microtype.cfg
File: microtype.cfg 2022/03/14 v3.0d microtype main configuration file (RS)
)) (/Users/robcavanaugh/Library/TinyTeX/texmf-dist/tex/latex/parskip/parskip.sty
Package: parskip 2021-03-14 v2.0h non-zero parskip adjustments
(/Users/robcavanaugh/Library/TinyTeX/texmf-dist/tex/latex/kvoptions/kvoptions.sty
Package: kvoptions 2020-10-07 v3.14 Key value format for package options (HO)
(/Users/robcavanaugh/Library/TinyTeX/texmf-dist/tex/generic/ltxcmds/ltxcmds.sty
Package: ltxcmds 2020-05-10 v1.25 LaTeX kernel commands for general use (HO)
) (/Users/robcavanaugh/Library/TinyTeX/texmf-dist/tex/generic/kvsetkeys/kvsetkeys.sty
Package: kvsetkeys 2019/12/15 v1.18 Key value parser (HO)
))) (/Users/robcavanaugh/Library/TinyTeX/texmf-dist/tex/latex/xcolor/xcolor.sty
Package: xcolor 2021/10/31 v2.13 LaTeX color extensions (UK)
(/Users/robcavanaugh/Library/TinyTeX/texmf-dist/tex/latex/graphics-cfg/color.cfg
File: color.cfg 2016/01/02 v1.6 sample color configuration
)
Package xcolor Info: Driver file: pdftex.def on input line 227.
Package xcolor Info: Model `cmy' substituted by `cmy0' on input line 1352.
Package xcolor Info: Model `hsb' substituted by `rgb' on input line 1356.
Package xcolor Info: Model `RGB' extended on input line 1368.
Package xcolor Info: Model `HTML' substituted by `rgb' on input line 1370.
Package xcolor Info: Model `Hsb' substituted by `hsb' on input line 1371.
Package xcolor Info: Model `tHsb' substituted by `hsb' on input line 1372.
Package xcolor Info: Model `HSB' substituted by `hsb' on input line 1373.
Package xcolor Info: Model `Gray' substituted by `gray' on input line 1374.
Package xcolor Info: Model `wave' substituted by `hsb' on input line 1375.
) (/Users/robcavanaugh/Library/TinyTeX/texmf-dist/tex/latex/bookmark/bookmark.sty
Package: bookmark 2020-11-06 v1.29 PDF bookmarks (HO)
(/Users/robcavanaugh/Library/TinyTeX/texmf-dist/tex/latex/hyperref/hyperref.sty
Package: hyperref 2022-02-21 v7.00n Hypertext links for LaTeX
(/Users/robcavanaugh/Library/TinyTeX/texmf-dist/tex/generic/pdftexcmds/pdftexcmds.sty
Package: pdftexcmds 2020-06-27 v0.33 Utility functions of pdfTeX for LuaTeX (HO)
(/Users/robcavanaugh/Library/TinyTeX/texmf-dist/tex/generic/infwarerr/infwarerr.sty
Package: infwarerr 2019/12/03 v1.5 Providing info/warning/error messages (HO)
)
Package pdftexcmds Info: \pdf@primitive is available.
Package pdftexcmds Info: \pdf@ifprimitive is available.
Package pdftexcmds Info: \pdfdraftmode found.
) (/Users/robcavanaugh/Library/TinyTeX/texmf-dist/tex/generic/kvdefinekeys/kvdefinekeys.sty
Package: kvdefinekeys 2019-12-19 v1.6 Define keys (HO)
) (/Users/robcavanaugh/Library/TinyTeX/texmf-dist/tex/generic/pdfescape/pdfescape.sty
Package: pdfescape 2019/12/09 v1.15 Implements pdfTeX's escape features (HO)
) (/Users/robcavanaugh/Library/TinyTeX/texmf-dist/tex/latex/hycolor/hycolor.sty
Package: hycolor 2020-01-27 v1.10 Color options for hyperref/bookmark (HO)
) (/Users/robcavanaugh/Library/TinyTeX/texmf-dist/tex/latex/letltxmacro/letltxmacro.sty
Package: letltxmacro 2019/12/03 v1.6 Let assignment for LaTeX macros (HO)
) (/Users/robcavanaugh/Library/TinyTeX/texmf-dist/tex/latex/auxhook/auxhook.sty
Package: auxhook 2019-12-17 v1.6 Hooks for auxiliary files (HO)
)
\@linkdim=\dimen180
\Hy@linkcounter=\count285
\Hy@pagecounter=\count286
(/Users/robcavanaugh/Library/TinyTeX/texmf-dist/tex/latex/hyperref/pd1enc.def
File: pd1enc.def 2022-02-21 v7.00n Hyperref: PDFDocEncoding definition (HO)
Now handling font encoding PD1 ...
... no UTF-8 mapping file for font encoding PD1
) (/Users/robcavanaugh/Library/TinyTeX/texmf-dist/tex/generic/intcalc/intcalc.sty
Package: intcalc 2019/12/15 v1.3 Expandable calculations with integers (HO)
) (/Users/robcavanaugh/Library/TinyTeX/texmf-dist/tex/generic/etexcmds/etexcmds.sty
Package: etexcmds 2019/12/15 v1.7 Avoid name clashes with e-TeX commands (HO)
)
\Hy@SavedSpaceFactor=\count287
(/Users/robcavanaugh/Library/TinyTeX/texmf-dist/tex/latex/hyperref/puenc.def
File: puenc.def 2022-02-21 v7.00n Hyperref: PDF Unicode definition (HO)
Now handling font encoding PU ...
... no UTF-8 mapping file for font encoding PU
)
Package hyperref Info: Option `unicode' set `true' on input line 4018.
Package hyperref Info: Hyper figures OFF on input line 4137.
Package hyperref Info: Link nesting OFF on input line 4142.
Package hyperref Info: Hyper index ON on input line 4145.
Package hyperref Info: Plain pages OFF on input line 4152.
Package hyperref Info: Backreferencing OFF on input line 4157.
Package hyperref Info: Implicit mode ON; LaTeX internals redefined.
Package hyperref Info: Bookmarks ON on input line 4390.
\c@Hy@tempcnt=\count288
(/Users/robcavanaugh/Library/TinyTeX/texmf-dist/tex/latex/url/url.sty
\Urlmuskip=\muskip17
Package: url 2013/09/16  ver 3.4  Verb mode for urls, etc.
)
LaTeX Info: Redefining \url on input line 4749.
\XeTeXLinkMargin=\dimen181
(/Users/robcavanaugh/Library/TinyTeX/texmf-dist/tex/generic/bitset/bitset.sty
Package: bitset 2019/12/09 v1.3 Handle bit-vector datatype (HO)
(/Users/robcavanaugh/Library/TinyTeX/texmf-dist/tex/generic/bigintcalc/bigintcalc.sty
Package: bigintcalc 2019/12/15 v1.5 Expandable calculations on big integers (HO)
))
\Fld@menulength=\count289
\Field@Width=\dimen182
\Fld@charsize=\dimen183
Package hyperref Info: Hyper figures OFF on input line 6027.
Package hyperref Info: Link nesting OFF on input line 6032.
Package hyperref Info: Hyper index ON on input line 6035.
Package hyperref Info: backreferencing OFF on input line 6042.
Package hyperref Info: Link coloring OFF on input line 6047.
Package hyperref Info: Link coloring with OCG OFF on input line 6052.
Package hyperref Info: PDF/A mode OFF on input line 6057.
LaTeX Info: Redefining \ref on input line 6097.
LaTeX Info: Redefining \pageref on input line 6101.
(/Users/robcavanaugh/Library/TinyTeX/texmf-dist/tex/latex/base/atbegshi-ltx.sty
Package: atbegshi-ltx 2021/01/10 v1.0c Emulation of the original atbegshi
package with kernel methods
)
\Hy@abspage=\count290
\c@Item=\count291
\c@Hfootnote=\count292
)
Package hyperref Info: Driver (autodetected): hpdftex.
(/Users/robcavanaugh/Library/TinyTeX/texmf-dist/tex/latex/hyperref/hpdftex.def
File: hpdftex.def 2022-02-21 v7.00n Hyperref driver for pdfTeX
(/Users/robcavanaugh/Library/TinyTeX/texmf-dist/tex/latex/base/atveryend-ltx.sty
Package: atveryend-ltx 2020/08/19 v1.0a Emulation of the original atveryend package
with kernel methods
)
\Fld@listcount=\count293
\c@bookmark@seq@number=\count294
(/Users/robcavanaugh/Library/TinyTeX/texmf-dist/tex/latex/rerunfilecheck/rerunfilecheck.sty
Package: rerunfilecheck 2019/12/05 v1.9 Rerun checks for auxiliary files (HO)
(/Users/robcavanaugh/Library/TinyTeX/texmf-dist/tex/generic/uniquecounter/uniquecounter.sty
Package: uniquecounter 2019/12/15 v1.4 Provide unlimited unique counter (HO)
)
Package uniquecounter Info: New unique counter `rerunfilecheck' on input line 286.
)
\Hy@SectionHShift=\skip75
) (/Users/robcavanaugh/Library/TinyTeX/texmf-dist/tex/latex/bookmark/bkm-pdftex.def
File: bkm-pdftex.def 2020-11-06 v1.29 bookmark driver for pdfTeX (HO)
\BKM@id=\count295
)) (/Users/robcavanaugh/Library/TinyTeX/texmf-dist/tex/latex/fancyvrb/fancyvrb.sty
Package: fancyvrb 2022/04/12 4.2 verbatim text (tvz,hv)
\FV@CodeLineNo=\count296
\FV@InFile=\read2
\FV@TabBox=\box55
\c@FancyVerbLine=\count297
\FV@StepNumber=\count298
\FV@OutFile=\write3
) (/Users/robcavanaugh/Library/TinyTeX/texmf-dist/tex/latex/framed/framed.sty
Package: framed 2011/10/22 v 0.96: framed or shaded text with page breaks
\OuterFrameSep=\skip76
\fb@frw=\dimen184
\fb@frh=\dimen185
\FrameRule=\dimen186
\FrameSep=\dimen187
) (/Users/robcavanaugh/Library/TinyTeX/texmf-dist/tex/generic/babel/babel.sty
Package: babel 2022/02/26 3.73 The Babel package
\babel@savecnt=\count299
\U@D=\dimen188
\l@unhyphenated=\language4
(/Users/robcavanaugh/Library/TinyTeX/texmf-dist/tex/generic/babel/txtbabel.def)
\bbl@readstream=\read3
\bbl@dirlevel=\count300
Package babel Info: You haven't specified a language. I'll use 'nil'
(babel)             as the main language. Reported on input line 4305.
(/Users/robcavanaugh/Library/TinyTeX/texmf-dist/tex/generic/babel/nil.ldf
Language: nil 2022/02/26 3.73 Nil language
\l@nil=\language5
))
\everypar=\toks26
(/Users/robcavanaugh/Library/TinyTeX/texmf-dist/tex/generic/babel/locale/en/babel-english.tex)
Package babel Info: Importing data for english
(babel)             from babel-en.ini. Reported on input line 116.
Package babel Info: Hyphen rules for 'english' set to \l@english
(babel)             (\language0). Reported on input line 116.
(/Users/robcavanaugh/Library/TinyTeX/texmf-dist/tex/latex/was/upgreek.sty
Package: upgreek 2003/02/12 v2.0 (WaS)
Package upgreek Info: Using Euler Roman for upright Greek on input line 31.
\symugrf@m=\mathgroup9
LaTeX Font Info:    Overwriting symbol font `ugrf@m' in version `bold'
(Font)                  U/eur/m/n --> U/eur/b/n on input line 38.
) (/Users/robcavanaugh/Library/TinyTeX/texmf-dist/tex/latex/tools/longtable.sty
Package: longtable 2021-09-01 v4.17 Multi-page Table package (DPC)
\LTleft=\skip77
\LTright=\skip78
\LTpre=\skip79
\LTpost=\skip80
\LTchunksize=\count301
\LTcapwidth=\dimen189
\LT@head=\box56
\LT@firsthead=\box57
\LT@foot=\box58
\LT@lastfoot=\box59
\LT@gbox=\box60
\LT@cols=\count302
\LT@rows=\count303
\c@LT@tables=\count304
\c@LT@chunks=\count305
\LT@p@ftn=\toks27
) (/Users/robcavanaugh/Library/TinyTeX/texmf-dist/tex/latex/graphics/lscape.sty
Package: lscape 2020/05/28 v3.02 Landscape Pages (DPC)
) (/Users/robcavanaugh/Library/TinyTeX/texmf-dist/tex/latex/multirow/multirow.sty
Package: multirow 2021/03/15 v2.8 Span multiple rows of a table
\multirow@colwidth=\skip81
\multirow@cntb=\count306
\multirow@dima=\skip82
\bigstrutjot=\dimen190
) (/Users/robcavanaugh/Library/TinyTeX/texmf-dist/tex/latex/tools/tabularx.sty
Package: tabularx 2020/01/15 v2.11c `tabularx' package (DPC)
(/Users/robcavanaugh/Library/TinyTeX/texmf-dist/tex/latex/tools/array.sty
Package: array 2021/10/04 v2.5f Tabular extension package (FMi)
\col@sep=\dimen191
\ar@mcellbox=\box61
\extrarowheight=\dimen192
\NC@list=\toks28
\extratabsurround=\skip83
\backup@length=\skip84
\ar@cellbox=\box62
)
\TX@col@width=\dimen193
\TX@old@table=\dimen194
\TX@old@col=\dimen195
\TX@target=\dimen196
\TX@delta=\dimen197
\TX@cols=\count307
\TX@ftn=\toks29
) (/Users/robcavanaugh/Library/TinyTeX/texmf-dist/tex/latex/threeparttablex/threeparttablex.sty
Package: threeparttablex 2013/07/23 v0.3 by daleif
(/Users/robcavanaugh/Library/TinyTeX/texmf-dist/tex/latex/environ/environ.sty
Package: environ 2014/05/04 v0.3 A new way to define environments
(/Users/robcavanaugh/Library/TinyTeX/texmf-dist/tex/latex/trimspaces/trimspaces.sty
Package: trimspaces 2009/09/17 v1.1 Trim spaces around a token list
))
\TPTL@width=\skip85
)
\longtablewidth=\skip86
Failed to patch abstract.
Failed to patch title.
(/Users/robcavanaugh/Library/TinyTeX/texmf-dist/tex/latex/xpatch/xpatch.sty (/Users/robcavanaugh/Library/TinyTeX/texmf-dist/tex/latex/l3kernel/expl3.sty
Package: expl3 2022-04-10 L3 programming layer (loader) 
(/Users/robcavanaugh/Library/TinyTeX/texmf-dist/tex/latex/l3backend/l3backend-pdftex.def
File: l3backend-pdftex.def 2022-04-10 L3 backend support: PDF output (pdfTeX)
\l__color_backend_stack_int=\count308
\l__pdf_internal_box=\box63
))
Package: xpatch 2020/03/25 v0.3a Extending etoolbox patching commands
(/Users/robcavanaugh/Library/TinyTeX/texmf-dist/tex/latex/l3packages/xparse/xparse.sty
Package: xparse 2022-01-12 L3 Experimental document command parser
)) (/Users/robcavanaugh/Library/TinyTeX/texmf-dist/tex/latex/csquotes/csquotes.sty
Package: csquotes 2021-02-22 v5.2l context-sensitive quotations (JAW)
\csq@reset=\count309
\csq@gtype=\count310
\csq@glevel=\count311
\csq@qlevel=\count312
\csq@maxlvl=\count313
\csq@tshold=\count314
\csq@ltx@everypar=\toks30
(/Users/robcavanaugh/Library/TinyTeX/texmf-dist/tex/latex/csquotes/csquotes.def
File: csquotes.def 2021-02-22 v5.2l csquotes generic definitions (JAW)
)
Package csquotes Info: Trying to load configuration file 'csquotes.cfg'...
Package csquotes Info: ... configuration file loaded successfully.
(/Users/robcavanaugh/Library/TinyTeX/texmf-dist/tex/latex/csquotes/csquotes.cfg
File: csquotes.cfg 
)) (/Users/robcavanaugh/Library/TinyTeX/texmf-dist/tex/latex/setspace/setspace.sty
Package: setspace 2011/12/19 v6.7a set line spacing
) (/Users/robcavanaugh/Library/TinyTeX/texmf-dist/tex/latex/float/float.sty
Package: float 2001/11/08 v1.3d Float enhancements (AL)
\c@float@type=\count315
\float@exts=\toks31
\float@box=\box64
\@float@everytoks=\toks32
\@floatcapt=\box65
) (/Users/robcavanaugh/Library/TinyTeX/texmf-dist/tex/latex/pdfpages/pdfpages.sty
Package: pdfpages 2022/01/29 v0.5u Insert pages of external PDF documents (AM)
(/Users/robcavanaugh/Library/TinyTeX/texmf-dist/tex/latex/base/ifthen.sty
Package: ifthen 2020/11/24 v1.1c Standard LaTeX ifthen package (DPC)
) (/Users/robcavanaugh/Library/TinyTeX/texmf-dist/tex/latex/tools/calc.sty
Package: calc 2017/05/25 v4.3 Infix arithmetic (KKT,FJ)
\calc@Acount=\count316
\calc@Bcount=\count317
\calc@Adimen=\dimen198
\calc@Bdimen=\dimen199
\calc@Askip=\skip87
\calc@Bskip=\skip88
LaTeX Info: Redefining \setlength on input line 80.
LaTeX Info: Redefining \addtolength on input line 81.
\calc@Ccount=\count318
\calc@Cskip=\skip89
) (/Users/robcavanaugh/Library/TinyTeX/texmf-dist/tex/latex/eso-pic/eso-pic.sty
Package: eso-pic 2020/10/14 v3.0a eso-pic (RN)
\ESO@tempdima=\dimen256
\ESO@tempdimb=\dimen257
)
\AM@pagewidth=\dimen258
\AM@pageheight=\dimen259
\AM@fboxrule=\dimen260
(/Users/robcavanaugh/Library/TinyTeX/texmf-dist/tex/latex/pdfpages/pppdftex.def
File: pppdftex.def 2022/01/29 v0.5u Pdfpages driver for pdfTeX (AM)
)
\pdfpages@includegraphics@status=\count319
\AM@pagebox=\box66
\AM@global@opts=\toks33
\AM@pagecnt=\count320
\AM@toc@title=\toks34
\c@AM@survey=\count321
\AM@templatesizebox=\box67
) (/Users/robcavanaugh/Library/TinyTeX/texmf-dist/tex/latex/tabu/tabu.sty
Package: tabu 2019/01/11 v2.9 - flexible LaTeX tabulars (FC+tabu-fixed)
(/Users/robcavanaugh/Library/TinyTeX/texmf-dist/tex/latex/varwidth/varwidth.sty
Package: varwidth 2009/03/30 ver 0.92;  Variable-width minipages
\@vwid@box=\box68
\sift@deathcycles=\count322
\@vwid@loff=\dimen261
\@vwid@roff=\dimen262
)
\c@taburow=\count323
\tabu@nbcols=\count324
\tabu@cnt=\count325
\tabu@Xcol=\count326
\tabu@alloc=\count327
\tabu@nested=\count328
\tabu@target=\dimen263
\tabu@spreadtarget=\dimen264
\tabu@naturalX=\dimen265
\tabucolX=\dimen266
\tabu@Xsum=\dimen267
\extrarowdepth=\dimen268
\abovetabulinesep=\dimen269
\belowtabulinesep=\dimen270
\tabustrutrule=\dimen271
\tabu@thebody=\toks35
\tabu@footnotes=\toks36
\tabu@box=\box69
\tabu@arstrutbox=\box70
\tabu@hleads=\box71
\tabu@vleads=\box72
\tabu@cellskip=\skip90
)
Package csquotes Info: Checking for multilingual support...
Package csquotes Info: ... found 'babel' package.
Package csquotes Info: Adjusting default style.
Package csquotes Info: Redefining alias 'default' -> 'english'.
(./reproducible-effect-sizes.aux)
\openout1 = `reproducible-effect-sizes.aux'.

LaTeX Font Info:    Checking defaults for OML/cmm/m/it on input line 227.
LaTeX Font Info:    ... okay on input line 227.
LaTeX Font Info:    Checking defaults for OMS/cmsy/m/n on input line 227.
LaTeX Font Info:    ... okay on input line 227.
LaTeX Font Info:    Checking defaults for OT1/cmr/m/n on input line 227.
LaTeX Font Info:    ... okay on input line 227.
LaTeX Font Info:    Checking defaults for T1/cmr/m/n on input line 227.
LaTeX Font Info:    ... okay on input line 227.
LaTeX Font Info:    Checking defaults for TS1/cmr/m/n on input line 227.
LaTeX Font Info:    ... okay on input line 227.
LaTeX Font Info:    Checking defaults for OMX/cmex/m/n on input line 227.
LaTeX Font Info:    ... okay on input line 227.
LaTeX Font Info:    Checking defaults for U/cmr/m/n on input line 227.
LaTeX Font Info:    ... okay on input line 227.
LaTeX Font Info:    Checking defaults for PD1/pdf/m/n on input line 227.
LaTeX Font Info:    ... okay on input line 227.
LaTeX Font Info:    Checking defaults for PU/pdf/m/n on input line 227.
LaTeX Font Info:    ... okay on input line 227.
*geometry* driver: auto-detecting
*geometry* detected driver: pdftex
*geometry* verbose mode - [ preamble ] result:
* driver: pdftex
* paper: <default>
* layout: <same size as paper>
* layoutoffset:(h,v)=(0.0pt,0.0pt)
* modes: 
* h-part:(L,W,R)=(72.26999pt, 469.75502pt, 72.26999pt)
* v-part:(T,H,B)=(72.26999pt, 650.43001pt, 72.26999pt)
* \paperwidth=614.295pt
* \paperheight=794.96999pt
* \textwidth=433.62pt
* \textheight=614.295pt
* \oddsidemargin=18.06749pt
* \evensidemargin=18.06749pt
* \topmargin=-18.06749pt
* \headheight=15.2pt
* \headsep=25.0pt
* \topskip=11.0pt
* \footskip=30.0pt
* \marginparwidth=59.0pt
* \marginparsep=10.0pt
* \columnsep=10.0pt
* \skip\footins=10.0pt plus 4.0pt minus 2.0pt
* \hoffset=0.0pt
* \voffset=0.0pt
* \mag=1000
* \@twocolumnfalse
* \@twosidefalse
* \@mparswitchfalse
* \@reversemarginfalse
* (1in=72.27pt=25.4mm, 1cm=28.453pt)

(/Users/robcavanaugh/Library/TinyTeX/texmf-dist/tex/latex/epstopdf-pkg/epstopdf-base.sty
Package: epstopdf-base 2020-01-24 v2.11 Base part for package epstopdf
Package epstopdf-base Info: Redefining graphics rule for `.eps' on input line 485.
(/Users/robcavanaugh/Library/TinyTeX/texmf-dist/tex/latex/latexconfig/epstopdf-sys.cfg
File: epstopdf-sys.cfg 2010/07/13 v1.3 Configuration of (r)epstopdf for TeX Live
)) (/Users/robcavanaugh/Library/TinyTeX/texmf-dist/tex/latex/apa6/config/APAamerican.txt
File: APAamerican.txt 2012/02/23 v1.25 apa6 configuration for American English
)
Package caption Info: Begin \AtBeginDocument code.
Package caption Info: float package is loaded.
Package caption Info: hyperref package is loaded.
Package caption Info: longtable package is loaded.
(/Users/robcavanaugh/Library/TinyTeX/texmf-dist/tex/latex/caption/ltcaption.sty
Package: ltcaption 2021/01/08 v1.4c longtable captions (AR)
)
Package caption Info: End \AtBeginDocument code.
LaTeX Info: Redefining \microtypecontext on input line 227.
Package microtype Info: Applying patch `item' on input line 227.
Package microtype Info: Applying patch `toc' on input line 227.
Package microtype Info: Applying patch `eqnum' on input line 227.

Package microtype Warning: Unable to apply patch `footnote' on input line 227.

Package microtype Info: Generating PDF output.
Package microtype Info: Character protrusion enabled (level 2).
Package microtype Info: Using protrusion set `basicmath'.
Package microtype Info: Automatic font expansion enabled (level 2),
(microtype)             stretch: 20, shrink: 20, step: 1, non-selected.
Package microtype Info: Using default expansion set `alltext-nott'.
LaTeX Info: Redefining \showhyphens on input line 227.
Package microtype Info: No adjustment of tracking.
Package microtype Info: No adjustment of interword spacing.
Package microtype Info: No adjustment of character kerning.
(/Users/robcavanaugh/Library/TinyTeX/texmf-dist/tex/latex/microtype/mt-cmr.cfg
File: mt-cmr.cfg 2013/05/19 v2.2 microtype config. file: Computer Modern Roman (RS)
)
Package hyperref Info: Link coloring OFF on input line 227.
(/Users/robcavanaugh/Library/TinyTeX/texmf-dist/tex/latex/hyperref/nameref.sty
Package: nameref 2021-04-02 v2.47 Cross-referencing by name of section
(/Users/robcavanaugh/Library/TinyTeX/texmf-dist/tex/latex/refcount/refcount.sty
Package: refcount 2019/12/15 v3.6 Data extraction from label references (HO)
) (/Users/robcavanaugh/Library/TinyTeX/texmf-dist/tex/generic/gettitlestring/gettitlestring.sty
Package: gettitlestring 2019/12/15 v1.6 Cleanup title references (HO)
)
\c@section@level=\count329
)
LaTeX Info: Redefining \ref on input line 227.
LaTeX Info: Redefining \pageref on input line 227.
LaTeX Info: Redefining \nameref on input line 227.
(/Users/robcavanaugh/Library/TinyTeX/texmf-dist/tex/latex/pdflscape/pdflscape.sty
Package: pdflscape 2019/12/05 v0.12 Display of landscape pages in PDF (HO)
Package pdflscape Info: Auto-detected driver: pdftex on input line 81.
)
Class apa6 Info: Keywords not defined on input line 229.
Using title for running head
LaTeX Font Info:    Trying to load font information for OT1+lmr on input line 229.
(/Users/robcavanaugh/Library/TinyTeX/texmf-dist/tex/latex/lm/ot1lmr.fd
File: ot1lmr.fd 2015/05/01 v1.6.1 Font defs for Latin Modern
)
LaTeX Font Info:    Trying to load font information for OML+lmm on input line 229.
(/Users/robcavanaugh/Library/TinyTeX/texmf-dist/tex/latex/lm/omllmm.fd
File: omllmm.fd 2015/05/01 v1.6.1 Font defs for Latin Modern
)
LaTeX Font Info:    Trying to load font information for OMS+lmsy on input line 229.
(/Users/robcavanaugh/Library/TinyTeX/texmf-dist/tex/latex/lm/omslmsy.fd
File: omslmsy.fd 2015/05/01 v1.6.1 Font defs for Latin Modern
)
LaTeX Font Info:    Trying to load font information for OMX+lmex on input line 229.
(/Users/robcavanaugh/Library/TinyTeX/texmf-dist/tex/latex/lm/omxlmex.fd
File: omxlmex.fd 2015/05/01 v1.6.1 Font defs for Latin Modern
)
LaTeX Font Info:    External font `lmex10' loaded for size
(Font)              <14.4> on input line 229.
LaTeX Font Info:    External font `lmex10' loaded for size
(Font)              <10> on input line 229.
LaTeX Font Info:    External font `lmex10' loaded for size
(Font)              <7> on input line 229.
LaTeX Font Info:    Trying to load font information for U+msa on input line 229.
(/Users/robcavanaugh/Library/TinyTeX/texmf-dist/tex/latex/amsfonts/umsa.fd
File: umsa.fd 2013/01/14 v3.01 AMS symbols A
) (/Users/robcavanaugh/Library/TinyTeX/texmf-dist/tex/latex/microtype/mt-msa.cfg
File: mt-msa.cfg 2006/02/04 v1.1 microtype config. file: AMS symbols (a) (RS)
)
LaTeX Font Info:    Trying to load font information for U+msb on input line 229.
(/Users/robcavanaugh/Library/TinyTeX/texmf-dist/tex/latex/amsfonts/umsb.fd
File: umsb.fd 2013/01/14 v3.01 AMS symbols B
) (/Users/robcavanaugh/Library/TinyTeX/texmf-dist/tex/latex/microtype/mt-msb.cfg
File: mt-msb.cfg 2005/06/01 v1.0 microtype config. file: AMS symbols (b) (RS)
) (/Users/robcavanaugh/Library/TinyTeX/texmf-dist/tex/latex/microtype/mt-eur.cfg
File: mt-eur.cfg 2006/07/31 v1.1 microtype config. file: AMS Euler Roman (RS)
)
LaTeX Font Info:    External font `lmex10' loaded for size
(Font)              <10.95> on input line 229.
LaTeX Font Info:    External font `lmex10' loaded for size
(Font)              <8> on input line 229.
LaTeX Font Info:    External font `lmex10' loaded for size
(Font)              <6> on input line 229.
LaTeX Font Info:    External font `lmex10' loaded for size
(Font)              <9> on input line 229.
LaTeX Font Info:    External font `lmex10' loaded for size
(Font)              <5> on input line 229.

Underfull \vbox (badness 10000) has occurred while \output is active []

[1

{/Users/robcavanaugh/Library/TinyTeX/texmf-var/fonts/map/pdftex/updmap/pdftex.map}]
LaTeX Font Info:    Trying to load font information for T1+lmtt on input line 237.
(/Users/robcavanaugh/Library/TinyTeX/texmf-dist/tex/latex/lm/t1lmtt.fd
File: t1lmtt.fd 2015/05/01 v1.6.1 Font defs for Latin Modern
)
LaTeX Font Info:    Trying to load font information for TS1+lmtt on input line 269.
(/Users/robcavanaugh/Library/TinyTeX/texmf-dist/tex/latex/lm/ts1lmtt.fd
File: ts1lmtt.fd 2015/05/01 v1.6.1 Font defs for Latin Modern
)
Overfull \hbox (32.02742pt too wide) in paragraph at lines 295--295
[]\T1/lmtt/m/n/10.95 ##   participant condition phoneme itemType phase    session item  trials spt2017[] 
 []

[2]
Overfull \hbox (20.52995pt too wide) in paragraph at lines 295--295
[]\T1/lmtt/m/n/10.95 ##   <chr>       <chr>     <chr>   <chr>    <chr>      <dbl> <chr>  <dbl> <chr>[] 
 []


Overfull \hbox (9.03249pt too wide) in paragraph at lines 295--295
[]\T1/lmtt/m/n/10.95 ## 1 P1          blocked   pr      tx       baseline       1 pr-1      10 pre[] 
 []


Overfull \hbox (9.03249pt too wide) in paragraph at lines 295--295
[]\T1/lmtt/m/n/10.95 ## 2 P1          blocked   pr      tx       baseline       1 pr-12     10 pre[] 
 []


Overfull \hbox (9.03249pt too wide) in paragraph at lines 295--295
[]\T1/lmtt/m/n/10.95 ## 3 P1          blocked   pr      tx       baseline       1 pr-4      10 pre[] 
 []


Overfull \hbox (9.03249pt too wide) in paragraph at lines 295--295
[]\T1/lmtt/m/n/10.95 ## 4 P1          blocked   pr      tx       baseline       1 pr-15     10 pre[] 
 []


Overfull \hbox (9.03249pt too wide) in paragraph at lines 295--295
[]\T1/lmtt/m/n/10.95 ## 5 P1          blocked   pr      tx       baseline       1 pr-5      10 pre[] 
 []


Overfull \hbox (9.03249pt too wide) in paragraph at lines 295--295
[]\T1/lmtt/m/n/10.95 ## 6 P1          blocked   pr      tx       baseline       1 pr-7      10 pre[] 
 []


Underfull \vbox (badness 6708) has occurred while \output is active []

[3]
<reproducible-effect-sizes_files/figure-latex/unnamed-chunk-6-1.pdf, id=50, 355.3275pt x 207.77625pt>
File: reproducible-effect-sizes_files/figure-latex/unnamed-chunk-6-1.pdf Graphic file (type pdf)
<use reproducible-effect-sizes_files/figure-latex/unnamed-chunk-6-1.pdf>
Package pdftex.def Info: reproducible-effect-sizes_files/figure-latex/unnamed-chunk-6-1.pdf  used on input line 386.
(pdftex.def)             Requested size: 355.33745pt x 207.78206pt.
[4 <./reproducible-effect-sizes_files/figure-latex/unnamed-chunk-6-1.pdf>]
LaTeX Font Info:    Font shape `T1/lmtt/bx/n' in size <10.95> not available
(Font)              Font shape `T1/lmtt/b/n' tried instead on input line 435.
[5] [6]
LaTeX Font Info:    Trying to load font information for TS1+lmr on input line 530.
(/Users/robcavanaugh/Library/TinyTeX/texmf-dist/tex/latex/lm/ts1lmr.fd
File: ts1lmr.fd 2015/05/01 v1.6.1 Font defs for Latin Modern
)
<reproducible-effect-sizes_files/figure-latex/unnamed-chunk-13-1.pdf, id=87, 355.3275pt x 204.765pt>
File: reproducible-effect-sizes_files/figure-latex/unnamed-chunk-13-1.pdf Graphic file (type pdf)
<use reproducible-effect-sizes_files/figure-latex/unnamed-chunk-13-1.pdf>
Package pdftex.def Info: reproducible-effect-sizes_files/figure-latex/unnamed-chunk-13-1.pdf  used on input line 560.
(pdftex.def)             Requested size: 355.33745pt x 204.77072pt.
[7 <./reproducible-effect-sizes_files/figure-latex/unnamed-chunk-13-1.pdf>]
Overfull \hbox (32.02742pt too wide) in paragraph at lines 584--584
[]\T1/lmtt/m/n/10.95 ## Warning in checkConv(attr(opt, "derivs"), opt$par, ctrl = control$checkConv, :[] 
 []


Overfull \hbox (26.27869pt too wide) in paragraph at lines 584--584
[]\T1/lmtt/m/n/10.95 ## Model failed to converge with max|grad| = 0.192497 (tol = 0.002, component 1)[] 
 []

[8] [9]
Overfull \hbox (32.02742pt too wide) in paragraph at lines 713--713
[]\T1/lmtt/m/n/10.95 ##  baseline_slope level_change slope_change  emmean   SE  df asymp.LCL asymp.UCL[] 
 []


Overfull \hbox (32.02742pt too wide) in paragraph at lines 713--713
[]\T1/lmtt/m/n/10.95 ##               7 0                       0 -2.5870 1.36 Inf    -5.252    0.0782[] 
 []


Overfull \hbox (32.02742pt too wide) in paragraph at lines 713--713
[]\T1/lmtt/m/n/10.95 ##              26 0                       0 -2.2559 7.53 Inf   -17.009   12.4976[] 
 []


Overfull \hbox (32.02742pt too wide) in paragraph at lines 713--713
[]\T1/lmtt/m/n/10.95 ##               7 1                       0 -0.0792 1.20 Inf    -2.427    2.2684[] 
 []


Overfull \hbox (32.02742pt too wide) in paragraph at lines 713--713
[]\T1/lmtt/m/n/10.95 ##              26 1                       0  0.2520 6.39 Inf   -12.263   12.7672[] 
 []


Overfull \hbox (32.02742pt too wide) in paragraph at lines 713--713
[]\T1/lmtt/m/n/10.95 ##               7 0                      19  4.8641 6.46 Inf    -7.801   17.5290[] 
 []


Overfull \hbox (32.02742pt too wide) in paragraph at lines 713--713
[]\T1/lmtt/m/n/10.95 ##              26 0                      19  5.1952 3.06 Inf    -0.802   11.1928[] 
 []


Overfull \hbox (32.02742pt too wide) in paragraph at lines 713--713
[]\T1/lmtt/m/n/10.95 ##               7 1                      19  7.3719 7.35 Inf    -7.041   21.7846[] 
 []


Overfull \hbox (32.02742pt too wide) in paragraph at lines 713--713
[]\T1/lmtt/m/n/10.95 ##              26 1                      19  7.7030 2.49 Inf     2.819   12.5873[] 
 []


Overfull \hbox (20.52995pt too wide) in paragraph at lines 747--747
[]\T1/lmtt/m/n/10.95 ##  contrast               estimate  SE  df asymp.LCL asymp.UCL z.ratio p.value[] 
 []


Overfull \hbox (20.52995pt too wide) in paragraph at lines 747--747
[]\T1/lmtt/m/n/10.95 ##  Unadjusted effect size     10.3 3.1 Inf      4.22      16.4   3.322  0.0009[] 
 []

[10]
Overfull \hbox (26.27869pt too wide) in paragraph at lines 775--775
[]\T1/lmtt/m/n/10.95 ##  contrast               estimate   SE  df asymp.LCL asymp.UCL z.ratio p.value[] 
 []


Overfull \hbox (26.27869pt too wide) in paragraph at lines 775--775
[]\T1/lmtt/m/n/10.95 ##  Unadjusted effect size     9.96 8.51 Inf     -6.71      26.6   1.171  0.2417[] 
 []


Overfull \hbox (32.02742pt too wide) in paragraph at lines 822--822
[]\T1/lmtt/m/n/10.95 ## Warning in checkConv(attr(opt, "derivs"), opt$par, ctrl = control$checkConv, :[] 
 []


Overfull \hbox (32.02742pt too wide) in paragraph at lines 822--822
[]\T1/lmtt/m/n/10.95 ## Model failed to converge with max|grad| = 0.0786858 (tol = 0.002, component 1)[] 
 []

[11]
Underfull \vbox (badness 3482) has occurred while \output is active []

[12]
Overfull \hbox (37.77615pt too wide) in paragraph at lines 933--933
[]\T1/lmtt/m/n/10.95 ##  baseline_slope level_change slope_change  emmean    SE  df asymp.LCL asymp.UCL[] 
 []


Overfull \hbox (37.77615pt too wide) in paragraph at lines 933--933
[]\T1/lmtt/m/n/10.95 ##              11 0                       0 -2.6040 0.268 Inf   -3.1289  -2.07905[] 
 []


Overfull \hbox (37.77615pt too wide) in paragraph at lines 933--933
[]\T1/lmtt/m/n/10.95 ##              31 0                       0 -1.0792 0.587 Inf   -2.2293   0.07091[] 
 []


Overfull \hbox (37.77615pt too wide) in paragraph at lines 933--933
[]\T1/lmtt/m/n/10.95 ##              11 1                       0 -1.7444 0.545 Inf   -2.8119  -0.67695[] 
 []


Overfull \hbox (37.77615pt too wide) in paragraph at lines 933--933
[]\T1/lmtt/m/n/10.95 ##              31 1                       0 -0.2197 0.814 Inf   -1.8145   1.37515[] 
 []


Overfull \hbox (37.77615pt too wide) in paragraph at lines 933--933
[]\T1/lmtt/m/n/10.95 ##              11 0                      20 -0.7791 0.393 Inf   -1.5503  -0.00791[] 
 []


Overfull \hbox (37.77615pt too wide) in paragraph at lines 933--933
[]\T1/lmtt/m/n/10.95 ##              31 0                      20  0.7457 0.410 Inf   -0.0587   1.54996[] 
 []


Overfull \hbox (37.77615pt too wide) in paragraph at lines 933--933
[]\T1/lmtt/m/n/10.95 ##              11 1                      20  0.0804 0.480 Inf   -0.8613   1.02214[] 
 []


Overfull \hbox (37.77615pt too wide) in paragraph at lines 933--933
[]\T1/lmtt/m/n/10.95 ##              31 1                      20  1.6052 0.581 Inf    0.4669   2.74347[] 
 []

[13]
Overfull \hbox (32.02742pt too wide) in paragraph at lines 961--961
[]\T1/lmtt/m/n/10.95 ##  contrast               estimate    SE  df asymp.LCL asymp.UCL z.ratio p.value[] 
 []


Overfull \hbox (32.02742pt too wide) in paragraph at lines 961--961
[]\T1/lmtt/m/n/10.95 ##  Unadjusted effect size     2.68 0.525 Inf      1.66      3.71   5.112  <.0001[] 
 []

[14]
Overfull \hbox (503.42357pt too wide) in paragraph at lines 1055--1055
[]\T1/lmtt/m/n/10.95 ## Formula: response ~ 0 + Intercept + baseline_slope + level_change + slope_change + (1 + baseline_slope + level_change + slope_change | participant) + (1 | item)[] 
 []


Overfull \hbox (3.28375pt too wide) in paragraph at lines 1055--1055
[]\T1/lmtt/m/n/10.95 ##               Estimate Est.Error l-95% CI u-95% CI Rhat Bulk_ESS Tail_ESS[] 
 []


Overfull \hbox (3.28375pt too wide) in paragraph at lines 1055--1055
[]\T1/lmtt/m/n/10.95 ## sd(Intercept)     1.30      0.08     1.15     1.46 1.00     2366     4243[] 
 []


Overfull \hbox (14.78122pt too wide) in paragraph at lines 1055--1055
[]\T1/lmtt/m/n/10.95 ##                                   Estimate Est.Error l-95% CI u-95% CI Rhat[] 
 []


Overfull \hbox (14.78122pt too wide) in paragraph at lines 1055--1055
[]\T1/lmtt/m/n/10.95 ## sd(Intercept)                         0.77      0.23     0.40     1.28 1.00[] 
 []


Overfull \hbox (14.78122pt too wide) in paragraph at lines 1055--1055
[]\T1/lmtt/m/n/10.95 ## sd(baseline_slope)                    0.06      0.02     0.03     0.11 1.00[] 
 []


Overfull \hbox (14.78122pt too wide) in paragraph at lines 1055--1055
[]\T1/lmtt/m/n/10.95 ## sd(level_change1)                     1.80      0.40     1.12     2.70 1.00[] 
 []


Overfull \hbox (14.78122pt too wide) in paragraph at lines 1055--1055
[]\T1/lmtt/m/n/10.95 ## sd(slope_change)                      0.10      0.03     0.05     0.16 1.00[] 
 []


Overfull \hbox (14.78122pt too wide) in paragraph at lines 1055--1055
[]\T1/lmtt/m/n/10.95 ## cor(Intercept,baseline_slope)         0.21      0.33    -0.45     0.79 1.00[] 
 []


Overfull \hbox (14.78122pt too wide) in paragraph at lines 1055--1055
[]\T1/lmtt/m/n/10.95 ## cor(Intercept,level_change1)          0.15      0.28    -0.43     0.65 1.00[] 
 []


Overfull \hbox (14.78122pt too wide) in paragraph at lines 1055--1055
[]\T1/lmtt/m/n/10.95 ## cor(baseline_slope,level_change1)     0.36      0.32    -0.32     0.87 1.00[] 
 []


Overfull \hbox (14.78122pt too wide) in paragraph at lines 1055--1055
[]\T1/lmtt/m/n/10.95 ## cor(Intercept,slope_change)          -0.56      0.25    -0.93     0.02 1.00[] 
 []


Overfull \hbox (14.78122pt too wide) in paragraph at lines 1055--1055
[]\T1/lmtt/m/n/10.95 ## cor(baseline_slope,slope_change)     -0.37      0.31    -0.85     0.33 1.00[] 
 []


Overfull \hbox (14.78122pt too wide) in paragraph at lines 1055--1055
[]\T1/lmtt/m/n/10.95 ## cor(level_change1,slope_change)      -0.22      0.28    -0.72     0.35 1.00[] 
 []


Underfull \vbox (badness 2707) has occurred while \output is active []

[15]
Overfull \hbox (9.03249pt too wide) in paragraph at lines 1055--1055
[]\T1/lmtt/m/n/10.95 ##                Estimate Est.Error l-95% CI u-95% CI Rhat Bulk_ESS Tail_ESS[] 
 []


Overfull \hbox (9.03249pt too wide) in paragraph at lines 1055--1055
[]\T1/lmtt/m/n/10.95 ## Intercept         -3.41      0.24    -3.89    -2.96 1.00     2118     3857[] 
 []


Overfull \hbox (9.03249pt too wide) in paragraph at lines 1055--1055
[]\T1/lmtt/m/n/10.95 ## baseline_slope     0.06      0.02     0.02     0.11 1.00     1309     2171[] 
 []


Overfull \hbox (9.03249pt too wide) in paragraph at lines 1055--1055
[]\T1/lmtt/m/n/10.95 ## level_change1      0.90      0.45    -0.01     1.78 1.00     2587     3970[] 
 []


Overfull \hbox (9.03249pt too wide) in paragraph at lines 1055--1055
[]\T1/lmtt/m/n/10.95 ## slope_change       0.11      0.03     0.05     0.17 1.00     1582     2628[] 
 []


Overfull \hbox (9.03249pt too wide) in paragraph at lines 1055--1055
[]\T1/lmtt/m/n/10.95 ## and Tail_ESS are effective sample size measures, and Rhat is the potential[] 
 []


Underfull \vbox (badness 2707) has occurred while \output is active []

[16]
<reproducible-effect-sizes_files/figure-latex/unnamed-chunk-30-1.pdf, id=159, 459.7175pt x 313.17pt>
File: reproducible-effect-sizes_files/figure-latex/unnamed-chunk-30-1.pdf Graphic file (type pdf)
<use reproducible-effect-sizes_files/figure-latex/unnamed-chunk-30-1.pdf>
Package pdftex.def Info: reproducible-effect-sizes_files/figure-latex/unnamed-chunk-30-1.pdf  used on input line 1129.
(pdftex.def)             Requested size: 433.64267pt x 295.40723pt.

Overfull \hbox (28.93022pt too wide) in paragraph at lines 1129--1130
[][] 
 []


Underfull \vbox (badness 10000) has occurred while \output is active []

[17] [18 <./reproducible-effect-sizes_files/figure-latex/unnamed-chunk-30-1.pdf>] (./reproducible-effect-sizes.aux) ) 
Here is how much of TeX's memory you used:
 19893 strings out of 480180
 332376 string characters out of 5891002
 679953 words of memory out of 5000000
 37295 multiletter control sequences out of 15000+600000
 566820 words of font info for 194 fonts, out of 8000000 for 9000
 14 hyphenation exceptions out of 8191
 74i,12n,77p,3208b,622s stack positions out of 10000i,1000n,20000p,200000b,200000s
{/Users/robcavanaugh/Library/TinyTeX/texmf-dist/fonts/enc/dvips/lm/lm-ts1.enc}{/Users/robcavanaugh/Library/TinyTeX/texmf-dist/fonts/enc/dvips/lm/lm-mathsy.enc}{/Users/robcavanaugh/Library/TinyTeX/texmf-dist/fonts/enc/dvips/lm/lm-rm.enc}{/Users/robcavanaugh/Library/TinyTeX/texmf-dist/fonts/enc/dvips/lm/lm-mathit.enc}{/Users/robcavanaugh/Library/TinyTeX/texmf-dist/fonts/enc/dvips/lm/lm-ec.enc}</Users/robcavanaugh/Library/TinyTeX/texmf-dist/fonts/type1/public/lm/lmbx10.pfb></Users/robcavanaugh/Library/TinyTeX/texmf-dist/fonts/type1/public/lm/lmmi10.pfb></Users/robcavanaugh/Library/TinyTeX/texmf-dist/fonts/type1/public/lm/lmmi8.pfb></Users/robcavanaugh/Library/TinyTeX/texmf-dist/fonts/type1/public/lm/lmr10.pfb></Users/robcavanaugh/Library/TinyTeX/texmf-dist/fonts/type1/public/lm/lmr12.pfb></Users/robcavanaugh/Library/TinyTeX/texmf-dist/fonts/type1/public/lm/lmr17.pfb></Users/robcavanaugh/Library/TinyTeX/texmf-dist/fonts/type1/public/lm/lmr8.pfb></Users/robcavanaugh/Library/TinyTeX/texmf-dist/fonts/type1/public/lm/lmr9.pfb></Users/robcavanaugh/Library/TinyTeX/texmf-dist/fonts/type1/public/lm/lmri10.pfb></Users/robcavanaugh/Library/TinyTeX/texmf-dist/fonts/type1/public/lm/lmsy10.pfb></Users/robcavanaugh/Library/TinyTeX/texmf-dist/fonts/type1/public/lm/lmtk10.pfb></Users/robcavanaugh/Library/TinyTeX/texmf-dist/fonts/type1/public/lm/lmtt10.pfb></Users/robcavanaugh/Library/TinyTeX/texmf-dist/fonts/type1/public/lm/lmtti10.pfb>
Output written on reproducible-effect-sizes.pdf (18 pages, 415193 bytes).
PDF statistics:
 299 PDF objects out of 1000 (max. 8388607)
 236 compressed objects within 3 object streams
 52 named destinations out of 1000 (max. 500000)
 51320 words of extra memory for PDF output out of 51595 (max. 10000000)

